2025-04-04 13:24:01.450447 - Received CBT.V508.FILE657.PDS from FILE657.XMI 
2025-04-04 13:24:01.451581 - Found $$$#DATE.txt (text/plain) in CBT.V508.FILE657.PDS, moved to PDS/$$$#DATE
2025-04-04 13:24:01.451730 - Found $$NOTE1.txt (text/plain) in CBT.V508.FILE657.PDS, moved to PDS/$$NOTE1
2025-04-04 13:24:01.451870 - Found $$PLAN.txt (text/plain) in CBT.V508.FILE657.PDS, moved to PDS/$$PLAN
2025-04-04 13:24:01.451999 - Found $NOTES.txt (text/plain) in CBT.V508.FILE657.PDS, moved to PDS/$NOTES
2025-04-04 13:24:01.452117 - Found $USAGE.txt (text/plain) in CBT.V508.FILE657.PDS, moved to PDS/$USAGE
2025-04-04 13:24:01.452250 - Found @FILE657.txt (text/plain) in CBT.V508.FILE657.PDS, moved to PDS/@FILE657
2025-04-04 13:24:01.452389 - Found RESCUE01.jcl (text/plain) in CBT.V508.FILE657.PDS, moved to PDS/RESCUE01
2025-04-04 13:24:01.452508 - Found RESCUE02.jcl (text/plain) in CBT.V508.FILE657.PDS, moved to PDS/RESCUE02
2025-04-04 13:24:01.452628 - Found RESCUE03.jcl (text/plain) in CBT.V508.FILE657.PDS, moved to PDS/RESCUE03
2025-04-04 13:24:01.452741 - Found RESCUE04.jcl (text/plain) in CBT.V508.FILE657.PDS, moved to PDS/RESCUE04
2025-04-04 13:24:01.452855 - Found RESCUE05.jcl (text/plain) in CBT.V508.FILE657.PDS, moved to PDS/RESCUE05
2025-04-04 13:24:01.453015 - Found RESCUE06.jcl (text/plain) in CBT.V508.FILE657.PDS, moved to PDS/RESCUE06
2025-04-04 13:24:01.453137 - Found RESCUE07.jcl (text/plain) in CBT.V508.FILE657.PDS, moved to PDS/RESCUE07
2025-04-04 13:24:01.453256 - Found RESCUE08.jcl (text/plain) in CBT.V508.FILE657.PDS, moved to PDS/RESCUE08
2025-04-04 13:24:01.453419 - Found RESCUE09.jcl (text/plain) in CBT.V508.FILE657.PDS, moved to PDS/RESCUE09
2025-04-04 13:24:01.453534 - Found RESCUE10.jcl (text/plain) in CBT.V508.FILE657.PDS, moved to PDS/RESCUE10
2025-04-04 13:24:01.453646 - Found RESCUE11.jcl (text/plain) in CBT.V508.FILE657.PDS, moved to PDS/RESCUE11
2025-04-04 13:24:01.453762 - Found RESCUE12.jcl (text/plain) in CBT.V508.FILE657.PDS, moved to PDS/RESCUE12
2025-04-04 13:24:01.453878 - Found RESCUE13.jcl (text/plain) in CBT.V508.FILE657.PDS, moved to PDS/RESCUE13
2025-04-04 13:24:01.453993 - Found RESCUE14.jcl (text/plain) in CBT.V508.FILE657.PDS, moved to PDS/RESCUE14
